============================================================
Time  2019/03/29 10:48:36 072 
============================================================
[2019/03/29 10:48:36 072] isr_1conn  2226 SYS_MSG_LOAD_CLOUD  
[2019/03/29 10:48:36 072] isr_1conn  2247 SYS_MSG_REGCB_CLOUD param0 =   msp_status_cb  param1 =  func(9006c850) 
[2019/03/29 10:48:36 072] isr_1conn  2247 SYS_MSG_REGCB_CLOUD param0 =   cloud_rslt_cb  param1 =  func(9006edb0) 
[2019/03/29 10:48:36 072] isr_1conn  2247 SYS_MSG_REGCB_CLOUD param0 =   cloud_err_cb  param1 =  func(9006ef00) 
[2019/03/29 10:48:36 072] isr_1conn  2247 SYS_MSG_REGCB_CLOUD param0 =   cloud_status_cb  param1 =  func(9006efe0) 
[2019/03/29 10:48:36 072] isr_1conn  1411 onesoc  
[2019/03/29 10:48:36 072] isr_1conn  1412 ASR_CLOUD_MSG_SSB  
[2019/03/29 10:48:36 072] isr_1conn  1427 isr_1conn  cloud_cisr1P1HHBHTONxdLwNLTaaPFpWYruV5tST  268436457  1552363872  
[2019/03/29 10:48:36 072] isr_1conn  1497 req_lgi_id =  nil  
[2019/03/29 10:48:36 072] isr_1conn  1498 not login!  
[2019/03/29 10:48:36 072] isr_1conn  1631 nil  
[2019/03/29 10:48:36 072] isr_1conn  1697 speex-wb  
[2019/03/29 10:48:36 072] isr_1conn  1785 net_once_bytes  nil  
[2019/03/29 10:48:36 072] isr_1conn  1790 need_encode  true  
[2019/03/29 10:48:36 072] isr_1conn  1792 once bytes  122  
[2019/03/29 10:48:36 079] isr_1conn  1816 User set url is   nil  
[2019/03/29 10:48:36 079] config     91   select default  
[2019/03/29 10:48:36 079] config     113  use general cloud  
[2019/03/29 10:48:36 079] transport  645  paramkvsport is   nil  
[2019/03/29 10:48:36 079] transport  657  ns_enable=  1  
[2019/03/29 10:48:36 079] transport  659  2017-08--24 is_ns_need_close =   nil  
[2019/03/29 10:48:36 079] transport  665  net.nettype=  unknown  
[2019/03/29 10:48:36 079] transport  675  url.full=  nil  
[2019/03/29 10:48:36 079] transport  680  server_url_host=, server_url_port=, server_url_path=  open.xf-yun.com  nil  /msp.do  
[2019/03/29 10:48:36 079] transport  907  net type:  unknown  
[2019/03/29 10:48:36 079] transport  908  net operator:  def  
[2019/03/29 10:48:36 079] transport  909  use proxy:  false  
[2019/03/29 10:48:36 079] transport  1105 session.domain=  open.xf-yun.com  
[2019/03/29 10:48:36 079] transport  1106 url.host=  open.xf-yun.com  
[2019/03/29 10:48:36 079] transport  1083 NAMESERVER START  
[2019/03/29 10:48:36 079] transport  1086 name =   iat  
[2019/03/29 10:48:36 079] ns         634  ntt=  unknown  
[2019/03/29 10:48:36 079] transport  1089 trans,ns_inprog =  0  
[2019/03/29 10:48:36 079] ns         582  name server start  
[2019/03/29 10:48:36 079] ns         588  ns_sub =   iat  
[2019/03/29 10:48:36 079] ns         596  ns_host =   open.xf-yun.com  
[2019/03/29 10:48:36 079] ns         475  ns_host=  open.xf-yun.com  
[2019/03/29 10:48:36 079] ns         555  net_type =  standard  
[2019/03/29 10:48:36 079] ns         556  cmwapascmnet =  
[2019/03/29 10:48:36 079] ns         557  uniwapasuninet =  
[2019/03/29 10:48:36 079] ns         558  ctwapasctnet =  
[2019/03/29 10:48:36 079] ns         576  host=  hdns.xf-yun.com  
[2019/03/29 10:48:36 079] network    263  gethostbyname  hdns.xf-yun.com  ns1  
[2019/03/29 10:48:36 083] isr_1conn  1843 ASR_CLOUD_MSG_AUW  6400  1  
[2019/03/29 10:48:36 083] isr_1conn  1860 RIFF  WAVE  
[2019/03/29 10:48:36 083] isr_1conn  1863 fmt   
[2019/03/29 10:48:36 083] isr_1conn  1866 data  
[2019/03/29 10:48:36 083] isr_1conn  1843 ASR_CLOUD_MSG_AUW  6400  2  
[2019/03/29 10:48:36 083] isr_1conn  1843 ASR_CLOUD_MSG_AUW  6400  2  
[2019/03/29 10:48:36 083] isr_1conn  1843 ASR_CLOUD_MSG_AUW  6400  2  
[2019/03/29 10:48:36 083] isr_1conn  1843 ASR_CLOUD_MSG_AUW  6400  2  
[2019/03/29 10:48:36 084] isr_1conn  1843 ASR_CLOUD_MSG_AUW  6400  2  
[2019/03/29 10:48:36 084] isr_1conn  1843 ASR_CLOUD_MSG_AUW  6400  2  
[2019/03/29 10:48:36 084] network    245  dns resp  0  ns1  
[2019/03/29 10:48:36 084] ns         422  ns dns ok  42.62.116.18  
[2019/03/29 10:48:36 084] ns         202  iplist not avail  
[2019/03/29 10:48:36 086] ns         429  is_voicecloud_ip=  0  
[2019/03/29 10:48:36 086] ns         436  ip_is_expected=  true  
[2019/03/29 10:48:36 086] ns         444  ip_is_expected=  true  
[2019/03/29 10:48:36 086] network    445  gethttpresp2  42.62.116.18  80  ns2  
[2019/03/29 10:48:36 086] network    465  prot_type  tcp  
[2019/03/29 10:48:36 087] transport  194  [dns] [1] response 58.67.223.138  
[2019/03/29 10:48:36 087] transport  202  58  67  223  138  
[2019/03/29 10:48:36 087] transport  204  ipv =  v4  
[2019/03/29 10:48:36 087] transport  208  dns ip is v4  
[2019/03/29 10:48:36 087] transport  130  iplist not avail  
[2019/03/29 10:48:36 087] transport  247  no iplist now  
[2019/03/29 10:48:36 087] network    95   iptoenv ,  ipcache  open.xf-yun.com  def  58.67.223.138  
[2019/03/29 10:48:36 088] transport  291  dns cb start conn  
[2019/03/29 10:48:36 088] transport  1304 [soc] connect   58.67.223.138  1028  
[2019/03/29 10:48:36 088] transport  1316 mspsoc.open,prot_type=  tcp  
[2019/03/29 10:48:36 088] network    350  connected  ns2  
[2019/03/29 10:48:36 091] network    353  send ok  268  ns2  
[2019/03/29 10:48:36 091] isr_1conn  1843 ASR_CLOUD_MSG_AUW  6400  2  
[2019/03/29 10:48:36 093] isr_1conn  1843 ASR_CLOUD_MSG_AUW  6400  2  
[2019/03/29 10:48:36 095] isr_1conn  1843 ASR_CLOUD_MSG_AUW  6400  2  
[2019/03/29 10:48:36 096] isr_1conn  1843 ASR_CLOUD_MSG_AUW  6400  2  
[2019/03/29 10:48:36 097] isr_1conn  1843 ASR_CLOUD_MSG_AUW  6400  2  
[2019/03/29 10:48:36 098] isr_1conn  1843 ASR_CLOUD_MSG_AUW  6400  2  
[2019/03/29 10:48:36 099] isr_1conn  1843 ASR_CLOUD_MSG_AUW  6400  2  
[2019/03/29 10:48:36 100] isr_1conn  1843 ASR_CLOUD_MSG_AUW  6400  2  
[2019/03/29 10:48:36 101] isr_1conn  1843 ASR_CLOUD_MSG_AUW  6400  2  
[2019/03/29 10:48:36 102] isr_1conn  1843 ASR_CLOUD_MSG_AUW  6400  2  
[2019/03/29 10:48:36 103] isr_1conn  1843 ASR_CLOUD_MSG_AUW  6400  2  
[2019/03/29 10:48:36 103] isr_1conn  1843 ASR_CLOUD_MSG_AUW  6400  2  
[2019/03/29 10:48:36 104] isr_1conn  1843 ASR_CLOUD_MSG_AUW  6400  2  
[2019/03/29 10:48:36 105] isr_1conn  1843 ASR_CLOUD_MSG_AUW  6400  2  
[2019/03/29 10:48:36 106] isr_1conn  1843 ASR_CLOUD_MSG_AUW  6400  2  
[2019/03/29 10:48:36 106] isr_1conn  1843 ASR_CLOUD_MSG_AUW  6400  2  
[2019/03/29 10:48:36 107] isr_1conn  1843 ASR_CLOUD_MSG_AUW  320  4  
[2019/03/29 10:48:36 107] isr_1conn  1897 starttimer status_cb_timeout, timeout is:  3000  
[2019/03/29 10:48:36 107] isr_1conn  1906 audio len:  147520  
[2019/03/29 10:48:36 107] isr_1conn  1909 drate:   0  
[2019/03/29 10:48:36 107] isr_1conn  1912 user  
[2019/03/29 10:48:36 107] isr_1conn  1921 drate, start local.  
[2019/03/29 10:48:36 379] isr_1conn  262  netperf:  97  
[2019/03/29 10:48:36 516] network    362  readable  ns2  
[2019/03/29 10:48:36 516] network    366  HTTP/1.1 200 OK
Via: 1.1 128.224.96.3 (McAfee Web Gateway 7.7.2.15.0.26328)
Date: Fri, 29 Mar 2019 02:48:36 GMT
Server: iflytek/hdns
Connection: Keep-Alive
Content-Type: application/json
Content-Length: 308

{"dns":[{"host":"open.xf-yun.com","sip":[{"svc":"iat","ips":[{"ip":"42.62.116.34","port":80,"idc":"dx"},{"ip":"42.62.116.35","port":80,"idc":"dx"}],"ttl":6000,"compel":0}]}],"default":[{"host":"open.xf-yun.com","sip":[{"svc":"iat","ips":[{"ip":"42.62.116.35","port":80,"idc":"dx"}],"ttl":6000,"compel":0}]}]}  
[2019/03/29 10:48:36 517] ns         253  name server http resp  0  
[2019/03/29 10:48:36 517] ns         266  ns response OK for this time!  
[2019/03/29 10:48:36 517] ns         277  from_server=  iflytek/hdns  
[2019/03/29 10:48:36 517] ns         360  compel :  0  
[2019/03/29 10:48:36 518] transport  1063 ns_ip =   42.62.116.34  
[2019/03/29 10:48:36 518] transport  1064 ip_type =  assigned_iatopen.xf-yun.com_host  
[2019/03/29 10:48:36 518] ns         670  no data in ns_q  
[2019/03/29 10:48:36 518] ns         671  conti_ns,ns_inprog =   1  
[2019/03/29 10:48:36 679] isr_1conn  262  netperf:  87  
[2019/03/29 10:48:36 981] isr_1conn  262  netperf:  78  
[2019/03/29 10:48:37 281] isr_1conn  262  netperf:  69  
[2019/03/29 10:48:37 586] isr_1conn  262  netperf:  54  
[2019/03/29 10:48:37 888] isr_1conn  262  netperf:  46  
[2019/03/29 10:48:38 195] isr_1conn  262  netperf:  33  
[2019/03/29 10:48:38 496] isr_1conn  262  netperf:  24  
[2019/03/29 10:48:38 798] isr_1conn  262  netperf:  16  
[2019/03/29 10:48:39 098] isr_1conn  262  netperf:  16  
[2019/03/29 10:48:39 108] isr_1conn  218  The called number of status_cb_timeout:  1  
[2019/03/29 10:48:39 404] isr_1conn  262  netperf:  12  
[2019/03/29 10:48:39 705] isr_1conn  262  netperf:  13  
[2019/03/29 10:48:40 006] isr_1conn  262  netperf:  13  
[2019/03/29 10:48:40 306] isr_1conn  262  netperf:  14  
[2019/03/29 10:48:40 607] isr_1conn  262  netperf:  15  
[2019/03/29 10:48:40 907] isr_1conn  262  netperf:  15  
[2019/03/29 10:48:41 094] transport  342  soc_conn_failed  
[2019/03/29 10:48:41 094] network    95   iptoenv ,  ipcache  open.xf-yun.com  def  nil  
[2019/03/29 10:48:41 095] transport  416  switch 80  
[2019/03/29 10:48:41 095] transport  437  MSC:[soc] [1] conn timeout!  
[2019/03/29 10:48:41 095] transport  1332 [soc] disconnect   
[2019/03/29 10:48:41 095] transport  67   clear_ip ip_type =  assigned_iatopen.xf-yun.com_host  
[2019/03/29 10:48:41 095] transport  70   self.ip_type =  assigned_iatopen.xf-yun.com_host  
[2019/03/29 10:48:41 095] transport  1105 session.domain=  open.xf-yun.com  
[2019/03/29 10:48:41 095] transport  1106 url.host=  open.xf-yun.com  
[2019/03/29 10:48:41 095] transport  1083 NAMESERVER START  
[2019/03/29 10:48:41 095] transport  1086 name =   iat  
[2019/03/29 10:48:41 095] ns         634  ntt=  unknown  
[2019/03/29 10:48:41 095] transport  1089 trans,ns_inprog =  0  
[2019/03/29 10:48:41 095] ns         582  name server start  
[2019/03/29 10:48:41 095] ns         588  ns_sub =   iat  
[2019/03/29 10:48:41 095] ns         596  ns_host =   open.xf-yun.com  
[2019/03/29 10:48:41 095] ns         475  ns_host=  open.xf-yun.com  
[2019/03/29 10:48:41 095] ns         555  net_type =  standard  
[2019/03/29 10:48:41 095] ns         556  cmwapascmnet =  
[2019/03/29 10:48:41 095] ns         557  uniwapasuninet =  
[2019/03/29 10:48:41 095] ns         558  ctwapasctnet =  
[2019/03/29 10:48:41 095] ns         576  host=  hdns.xf-yun.com  
[2019/03/29 10:48:41 095] network    263  gethostbyname  hdns.xf-yun.com  ns3  
[2019/03/29 10:48:41 096] network    245  dns resp  0  ns3  
[2019/03/29 10:48:41 096] ns         422  ns dns ok  42.62.116.18  
[2019/03/29 10:48:41 096] ns         209  ip front is  42.62.116  
[2019/03/29 10:48:41 096] ns         429  is_voicecloud_ip=  1  
[2019/03/29 10:48:41 096] ns         436  ip_is_expected=  true  
[2019/03/29 10:48:41 096] ns         444  ip_is_expected=  true  
[2019/03/29 10:48:41 096] network    445  gethttpresp2  42.62.116.18  80  ns4  
[2019/03/29 10:48:41 096] network    465  prot_type  tcp  
[2019/03/29 10:48:41 102] transport  194  [dns] [1] response 59.107.24.11  
[2019/03/29 10:48:41 102] transport  202  59  107  24  11  
[2019/03/29 10:48:41 102] transport  204  ipv =  v4  
[2019/03/29 10:48:41 102] transport  208  dns ip is v4  
[2019/03/29 10:48:41 102] transport  137  ip front is  59.107.24  
[2019/03/29 10:48:41 102] transport  261  expected ip  
[2019/03/29 10:48:41 102] network    95   iptoenv ,  ipcache  open.xf-yun.com  def  59.107.24.11  
[2019/03/29 10:48:41 103] transport  291  dns cb start conn  
[2019/03/29 10:48:41 103] transport  1304 [soc] connect   59.107.24.11  1028  
[2019/03/29 10:48:41 103] transport  1316 mspsoc.open,prot_type=  tcp  
[2019/03/29 10:48:41 103] network    350  connected  ns4  
[2019/03/29 10:48:41 104] network    353  send ok  268  ns4  
[2019/03/29 10:48:41 212] isr_1conn  262  netperf:  19  
[2019/03/29 10:48:41 232] network    362  readable  ns4  
[2019/03/29 10:48:41 233] network    366  HTTP/1.1 200 OK
Via: 1.1 128.224.96.3 (McAfee Web Gateway 7.7.2.15.0.26328)
Date: Fri, 29 Mar 2019 02:48:41 GMT
Server: iflytek/hdns
Connection: Keep-Alive
Content-Type: application/json
Content-Length: 308

{"dns":[{"host":"open.xf-yun.com","sip":[{"svc":"iat","ips":[{"ip":"42.62.116.18","port":80,"idc":"dx"},{"ip":"42.62.116.34","port":80,"idc":"dx"}],"ttl":6000,"compel":0}]}],"default":[{"host":"open.xf-yun.com","sip":[{"svc":"iat","ips":[{"ip":"42.62.116.34","port":80,"idc":"dx"}],"ttl":6000,"compel":0}]}]}  
[2019/03/29 10:48:41 233] ns         253  name server http resp  0  
[2019/03/29 10:48:41 233] ns         266  ns response OK for this time!  
[2019/03/29 10:48:41 233] ns         277  from_server=  iflytek/hdns  
[2019/03/29 10:48:41 234] ns         360  compel :  0  
[2019/03/29 10:48:41 234] transport  1063 ns_ip =   42.62.116.18  
[2019/03/29 10:48:41 234] transport  1064 ip_type =  assigned_iatopen.xf-yun.com_host  
[2019/03/29 10:48:41 234] ns         670  no data in ns_q  
[2019/03/29 10:48:41 234] ns         671  conti_ns,ns_inprog =   1  
[2019/03/29 10:48:41 512] isr_1conn  262  netperf:  10  
[2019/03/29 10:48:41 813] isr_1conn  262  netperf:  11  
[2019/03/29 10:48:42 109] isr_1conn  218  The called number of status_cb_timeout:  2  
[2019/03/29 10:48:42 114] isr_1conn  262  netperf:  12  
[2019/03/29 10:48:42 416] isr_1conn  262  netperf:  14  
[2019/03/29 10:48:42 717] isr_1conn  262  netperf:  14  
[2019/03/29 10:48:43 019] isr_1conn  262  netperf:  17  
[2019/03/29 10:48:43 320] isr_1conn  262  netperf:  18  
[2019/03/29 10:48:43 622] isr_1conn  262  netperf:  10  
[2019/03/29 10:48:43 923] isr_1conn  262  netperf:  11  
[2019/03/29 10:48:44 230] isr_1conn  262  netperf:  18  
[2019/03/29 10:48:44 534] isr_1conn  262  netperf:  11  
[2019/03/29 10:48:44 839] isr_1conn  262  netperf:  17  
[2019/03/29 10:48:45 109] isr_1conn  218  The called number of status_cb_timeout:  3  
[2019/03/29 10:48:45 140] isr_1conn  262  netperf:  18  
[2019/03/29 10:48:45 445] isr_1conn  262  netperf:  13  
[2019/03/29 10:48:45 753] isr_1conn  262  netperf:  11  
[2019/03/29 10:48:46 055] isr_1conn  262  netperf:  13  
[2019/03/29 10:48:46 109] transport  342  soc_conn_failed  
[2019/03/29 10:48:46 109] network    95   iptoenv ,  ipcache  open.xf-yun.com  def  nil  
[2019/03/29 10:48:46 110] transport  416  switch 80  
[2019/03/29 10:48:46 110] transport  437  MSC:[soc] [1] conn timeout!  
[2019/03/29 10:48:46 110] transport  1332 [soc] disconnect   
[2019/03/29 10:48:46 110] transport  67   clear_ip ip_type =  assigned_iatopen.xf-yun.com_host  
[2019/03/29 10:48:46 110] transport  70   self.ip_type =  assigned_iatopen.xf-yun.com_host  
[2019/03/29 10:48:46 110] transport  1105 session.domain=  open.xf-yun.com  
[2019/03/29 10:48:46 110] transport  1106 url.host=  open.xf-yun.com  
[2019/03/29 10:48:46 110] transport  1083 NAMESERVER START  
[2019/03/29 10:48:46 110] transport  1086 name =   iat  
[2019/03/29 10:48:46 110] ns         634  ntt=  unknown  
[2019/03/29 10:48:46 110] transport  1089 trans,ns_inprog =  0  
[2019/03/29 10:48:46 110] ns         582  name server start  
[2019/03/29 10:48:46 110] ns         588  ns_sub =   iat  
[2019/03/29 10:48:46 110] ns         596  ns_host =   open.xf-yun.com  
[2019/03/29 10:48:46 110] ns         475  ns_host=  open.xf-yun.com  
[2019/03/29 10:48:46 110] ns         555  net_type =  standard  
[2019/03/29 10:48:46 110] ns         556  cmwapascmnet =  
[2019/03/29 10:48:46 110] ns         557  uniwapasuninet =  
[2019/03/29 10:48:46 110] ns         558  ctwapasctnet =  
[2019/03/29 10:48:46 110] ns         576  host=  hdns.xf-yun.com  
[2019/03/29 10:48:46 110] network    263  gethostbyname  hdns.xf-yun.com  ns5  
[2019/03/29 10:48:46 111] network    245  dns resp  0  ns5  
[2019/03/29 10:48:46 111] ns         422  ns dns ok  42.62.116.18  
[2019/03/29 10:48:46 111] ns         209  ip front is  42.62.116  
[2019/03/29 10:48:46 111] ns         429  is_voicecloud_ip=  1  
[2019/03/29 10:48:46 111] ns         436  ip_is_expected=  true  
[2019/03/29 10:48:46 111] ns         444  ip_is_expected=  true  
[2019/03/29 10:48:46 111] network    445  gethttpresp2  42.62.116.18  80  ns6  
[2019/03/29 10:48:46 111] network    465  prot_type  tcp  
[2019/03/29 10:48:46 114] transport  194  [dns] [1] response 58.67.223.138  
[2019/03/29 10:48:46 114] transport  202  58  67  223  138  
[2019/03/29 10:48:46 114] transport  204  ipv =  v4  
[2019/03/29 10:48:46 115] transport  208  dns ip is v4  
[2019/03/29 10:48:46 115] transport  137  ip front is  58.67.223  
[2019/03/29 10:48:46 115] transport  261  expected ip  
[2019/03/29 10:48:46 115] network    95   iptoenv ,  ipcache  open.xf-yun.com  def  58.67.223.138  
[2019/03/29 10:48:46 115] transport  291  dns cb start conn  
[2019/03/29 10:48:46 115] transport  1304 [soc] connect   58.67.223.138  1028  
[2019/03/29 10:48:46 116] transport  1316 mspsoc.open,prot_type=  tcp  
[2019/03/29 10:48:46 116] network    350  connected  ns6  
[2019/03/29 10:48:46 116] network    353  send ok  268  ns6  
[2019/03/29 10:48:46 247] network    362  readable  ns6  
[2019/03/29 10:48:46 247] network    366  HTTP/1.1 200 OK
Via: 1.1 128.224.96.3 (McAfee Web Gateway 7.7.2.15.0.26328)
Date: Fri, 29 Mar 2019 02:48:46 GMT
Server: iflytek/hdns
Connection: Keep-Alive
Content-Type: application/json
Content-Length: 308

{"dns":[{"host":"open.xf-yun.com","sip":[{"svc":"iat","ips":[{"ip":"42.62.116.35","port":80,"idc":"dx"},{"ip":"42.62.116.19","port":80,"idc":"dx"}],"ttl":6000,"compel":0}]}],"default":[{"host":"open.xf-yun.com","sip":[{"svc":"iat","ips":[{"ip":"42.62.116.19","port":80,"idc":"dx"}],"ttl":6000,"compel":0}]}]}  
[2019/03/29 10:48:46 247] ns         253  name server http resp  0  
[2019/03/29 10:48:46 247] ns         266  ns response OK for this time!  
[2019/03/29 10:48:46 247] ns         277  from_server=  iflytek/hdns  
[2019/03/29 10:48:46 247] ns         360  compel :  0  
[2019/03/29 10:48:46 248] transport  1063 ns_ip =   42.62.116.35  
[2019/03/29 10:48:46 248] transport  1064 ip_type =  assigned_iatopen.xf-yun.com_host  
[2019/03/29 10:48:46 248] ns         670  no data in ns_q  
[2019/03/29 10:48:46 248] ns         671  conti_ns,ns_inprog =   1  
[2019/03/29 10:48:46 356] isr_1conn  262  netperf:  13  
[2019/03/29 10:48:46 661] isr_1conn  262  netperf:  19  
[2019/03/29 10:48:46 962] isr_1conn  262  netperf:  10  
[2019/03/29 10:48:47 265] isr_1conn  262  netperf:  13  
[2019/03/29 10:48:47 566] isr_1conn  262  netperf:  14  
[2019/03/29 10:48:47 866] isr_1conn  262  netperf:  14  
[2019/03/29 10:48:48 109] isr_1conn  218  The called number of status_cb_timeout:  4  
[2019/03/29 10:48:48 171] isr_1conn  262  netperf:  19  
[2019/03/29 10:48:48 475] isr_1conn  262  netperf:  13  
[2019/03/29 10:48:48 776] isr_1conn  262  netperf:  14  
[2019/03/29 10:48:49 076] isr_1conn  262  netperf:  14  
[2019/03/29 10:48:49 377] isr_1conn  262  netperf:  15  
[2019/03/29 10:48:49 680] isr_1conn  262  netperf:  18  
[2019/03/29 10:48:49 982] isr_1conn  262  netperf:  10  
[2019/03/29 10:48:50 288] isr_1conn  262  netperf:  16  
[2019/03/29 10:48:50 590] isr_1conn  262  netperf:  18  
[2019/03/29 10:48:50 895] isr_1conn  262  netperf:  13  
[2019/03/29 10:48:51 111] isr_1conn  762  start a new session  
[2019/03/29 10:48:51 112] network    90   ipfromenv ,  ipcache  open.xf-yun.com  def  58.67.223.138  
[2019/03/29 10:48:51 112] transport  981  cached ip is confirmed  
[2019/03/29 10:48:51 112] transport  1332 [soc] disconnect   
[2019/03/29 10:48:51 112] transport  991  transport clean  
[2019/03/29 10:48:51 113] isr_1conn  1173 no_audio is true  
[2019/03/29 10:48:51 113] isr_1conn  1201 [session] send 1th audio  
[2019/03/29 10:48:51 113] isr_1conn  1203 totalsz =   14030  
[2019/03/29 10:48:51 113] isr_1conn  1206 start netperf_fs_timer  
[2019/03/29 10:48:51 113] isr_1conn  1229 [session] send last audio!  
[2019/03/29 10:48:51 196] isr_1conn  262  netperf:  14  
[2019/03/29 10:48:51 499] isr_1conn  262  netperf:  17  
[2019/03/29 10:48:51 800] isr_1conn  262  netperf:  18  
[2019/03/29 10:48:51 913] isr_1conn  307  send_ok_num, timer_num, send_average =   0  2  0  
[2019/03/29 10:48:51 913] isr_1conn  310  netperf =   30  
[2019/03/29 10:48:51 913] isr_1conn  311  start netperf_other_timer  
[2019/03/29 10:48:51 982] isr_1conn  2052 ASR_CLOUD_MSG_SSE  
[2019/03/29 10:48:51 983] isr_1conn  1276 isr_1conn session info  
[2019/03/29 10:48:51 984] isr_1conn  2195 session finished! ret =   10139  
