============================================================
Time  2019/03/28 16:31:55 034 
============================================================
[2019/03/28 16:31:55 034] legacyuup  324  SYS_MSG_LOAD  
[2019/03/28 16:31:55 035] legacyuup  237  UUP_MSG_START  
[2019/03/28 16:31:55 035] legacyuup  239  legacyuup  legacyuup_342182d2  268436457  1552363948  
[2019/03/28 16:31:55 035] legacyuup  282  User set url is   nil  
[2019/03/28 16:31:55 035] config     91   select default  
[2019/03/28 16:31:55 035] config     113  use general cloud  
[2019/03/28 16:31:55 035] transport  645  paramkvsport is   nil  
[2019/03/28 16:31:55 035] transport  657  ns_enable=  1  
[2019/03/28 16:31:55 035] transport  659  2017-08--24 is_ns_need_close =   nil  
[2019/03/28 16:31:55 035] transport  665  net.nettype=  unknown  
[2019/03/28 16:31:55 035] transport  675  url.full=  nil  
[2019/03/28 16:31:55 035] transport  680  server_url_host=, server_url_port=, server_url_path=  open.xf-yun.com  nil  /msp.do  
[2019/03/28 16:31:55 035] transport  907  net type:  unknown  
[2019/03/28 16:31:55 035] transport  908  net operator:  def  
[2019/03/28 16:31:55 035] transport  909  use proxy:  false  
[2019/03/28 16:31:55 035] legacyuup  299  not login!  
[2019/03/28 16:32:00 207] legacyuup  313  UUP_MSG_LGI_RESULT  
[2019/03/28 16:32:00 207] legacyuup  193  [session] send uup request  
[2019/03/28 16:32:00 207] transport  1105 session.domain=  open.xf-yun.com  
[2019/03/28 16:32:00 207] transport  1106 url.host=  open.xf-yun.com  
[2019/03/28 16:32:00 207] transport  1083 NAMESERVER START  
[2019/03/28 16:32:00 207] transport  1086 name =   asr  
[2019/03/28 16:32:00 207] ns         634  ntt=  unknown  
[2019/03/28 16:32:00 207] transport  1089 trans,ns_inprog =  0  
[2019/03/28 16:32:00 208] ns         582  name server start  
[2019/03/28 16:32:00 208] ns         588  ns_sub =   asr  
[2019/03/28 16:32:00 208] ns         596  ns_host =   open.xf-yun.com  
[2019/03/28 16:32:00 208] ns         475  ns_host=  open.xf-yun.com  
[2019/03/28 16:32:00 208] ns         555  net_type =  standard  
[2019/03/28 16:32:00 208] ns         556  cmwapascmnet =  
[2019/03/28 16:32:00 208] ns         557  uniwapasuninet =  
[2019/03/28 16:32:00 208] ns         558  ctwapasctnet =  
[2019/03/28 16:32:00 208] ns         576  host=  hdns.xf-yun.com  
[2019/03/28 16:32:00 208] network    263  gethostbyname  hdns.xf-yun.com  ns1  
[2019/03/28 16:32:00 208] legacyuup  150  lver:  nil  
[2019/03/28 16:32:00 208] legacyuup  155  cfg_ver:  nil  
[2019/03/28 16:32:00 208] transport  1860 transport_obj.send | in  
[2019/03/28 16:32:00 208] transport  1866 self.msg_flag_q  table(50055560) 
[2019/03/28 16:32:00 208] transport  1867 self.msg_q  table(50062d80) 
[2019/03/28 16:32:00 208] transport  1799 transport_obj.try2send | in  
[2019/03/28 16:32:00 208] transport  1800 self.soc  nil  
[2019/03/28 16:32:00 208] transport  1801 self.connected  false  
[2019/03/28 16:32:00 208] transport  1802 self.latesterr  0  
[2019/03/28 16:32:00 208] transport  1873 transport_obj.send | out  
[2019/03/28 16:32:00 211] network    245  dns resp  0  ns1  
[2019/03/28 16:32:00 211] ns         422  ns dns ok  42.62.116.34  
[2019/03/28 16:32:00 211] ns         209  ip front is  42.62.116  
[2019/03/28 16:32:00 211] ns         429  is_voicecloud_ip=  1  
[2019/03/28 16:32:00 211] ns         436  ip_is_expected=  true  
[2019/03/28 16:32:00 211] ns         444  ip_is_expected=  true  
[2019/03/28 16:32:00 211] network    445  gethttpresp2  42.62.116.34  80  ns2  
[2019/03/28 16:32:00 211] network    465  prot_type  tcp  
[2019/03/28 16:32:00 211] transport  194  [dns] [1] response 59.107.24.5  
[2019/03/28 16:32:00 211] transport  202  59  107  24  5  
[2019/03/28 16:32:00 211] transport  204  ipv =  v4  
[2019/03/28 16:32:00 211] transport  208  dns ip is v4  
[2019/03/28 16:32:00 211] transport  137  ip front is  59.107.24  
[2019/03/28 16:32:00 211] transport  261  expected ip  
[2019/03/28 16:32:00 211] network    95   iptoenv ,  ipcache  open.xf-yun.com  def  59.107.24.5  
[2019/03/28 16:32:00 212] transport  291  dns cb start conn  
[2019/03/28 16:32:00 212] transport  1304 [soc] connect   59.107.24.5  1028  
[2019/03/28 16:32:00 212] transport  1316 mspsoc.open,prot_type=  tcp  
[2019/03/28 16:32:00 226] network    350  connected  ns2  
[2019/03/28 16:32:00 226] network    353  send ok  268  ns2  
[2019/03/28 16:32:00 385] network    362  readable  ns2  
[2019/03/28 16:32:00 385] network    366  HTTP/1.1 200 OK
Via: 1.1 128.224.96.3 (McAfee Web Gateway 7.7.2.15.0.26328)
Date: Thu, 28 Mar 2019 08:32:00 GMT
Server: iflytek/hdns
Connection: Keep-Alive
Content-Type: application/json
Content-Length: 308

{"dns":[{"host":"open.xf-yun.com","sip":[{"svc":"asr","ips":[{"ip":"42.62.116.35","port":80,"idc":"dx"},{"ip":"42.62.116.19","port":80,"idc":"dx"}],"ttl":6000,"compel":0}]}],"default":[{"host":"open.xf-yun.com","sip":[{"svc":"asr","ips":[{"ip":"42.62.116.19","port":80,"idc":"dx"}],"ttl":6000,"compel":0}]}]}  
[2019/03/28 16:32:00 385] ns         253  name server http resp  0  
[2019/03/28 16:32:00 385] ns         266  ns response OK for this time!  
[2019/03/28 16:32:00 386] ns         277  from_server=  iflytek/hdns  
[2019/03/28 16:32:00 386] ns         360  compel :  0  
[2019/03/28 16:32:00 386] transport  1063 ns_ip =   42.62.116.35  
[2019/03/28 16:32:00 386] transport  1064 ip_type =  assigned_asropen.xf-yun.com_host  
[2019/03/28 16:32:00 386] ns         670  no data in ns_q  
[2019/03/28 16:32:00 386] ns         671  conti_ns,ns_inprog =   1  
[2019/03/28 16:32:05 213] transport  342  soc_conn_failed  
[2019/03/28 16:32:05 213] network    95   iptoenv ,  ipcache  open.xf-yun.com  def  nil  
[2019/03/28 16:32:05 214] transport  416  switch 80  
[2019/03/28 16:32:05 214] transport  437  MSC:[soc] [1] conn timeout!  
[2019/03/28 16:32:05 214] transport  1332 [soc] disconnect   
[2019/03/28 16:32:05 214] transport  67   clear_ip ip_type =  assigned_asropen.xf-yun.com_host  
[2019/03/28 16:32:05 214] transport  70   self.ip_type =  assigned_asropen.xf-yun.com_host  
[2019/03/28 16:32:05 214] transport  1105 session.domain=  open.xf-yun.com  
[2019/03/28 16:32:05 214] transport  1106 url.host=  open.xf-yun.com  
[2019/03/28 16:32:05 214] transport  1083 NAMESERVER START  
[2019/03/28 16:32:05 214] transport  1086 name =   asr  
[2019/03/28 16:32:05 214] ns         634  ntt=  unknown  
[2019/03/28 16:32:05 214] transport  1089 trans,ns_inprog =  0  
[2019/03/28 16:32:05 214] ns         582  name server start  
[2019/03/28 16:32:05 214] ns         588  ns_sub =   asr  
[2019/03/28 16:32:05 214] ns         596  ns_host =   open.xf-yun.com  
[2019/03/28 16:32:05 214] ns         475  ns_host=  open.xf-yun.com  
[2019/03/28 16:32:05 214] ns         555  net_type =  standard  
[2019/03/28 16:32:05 214] ns         556  cmwapascmnet =  
[2019/03/28 16:32:05 214] ns         557  uniwapasuninet =  
[2019/03/28 16:32:05 214] ns         558  ctwapasctnet =  
[2019/03/28 16:32:05 214] ns         576  host=  hdns.xf-yun.com  
[2019/03/28 16:32:05 214] network    263  gethostbyname  hdns.xf-yun.com  ns3  
[2019/03/28 16:32:05 215] network    245  dns resp  0  ns3  
[2019/03/28 16:32:05 215] ns         422  ns dns ok  42.62.116.34  
[2019/03/28 16:32:05 215] ns         209  ip front is  42.62.116  
[2019/03/28 16:32:05 215] ns         429  is_voicecloud_ip=  1  
[2019/03/28 16:32:05 215] ns         436  ip_is_expected=  true  
[2019/03/28 16:32:05 215] ns         444  ip_is_expected=  true  
[2019/03/28 16:32:05 215] network    445  gethttpresp2  42.62.116.34  80  ns4  
[2019/03/28 16:32:05 215] network    465  prot_type  tcp  
[2019/03/28 16:32:05 215] transport  194  [dns] [1] response 59.107.24.5  
[2019/03/28 16:32:05 215] transport  202  59  107  24  5  
[2019/03/28 16:32:05 215] transport  204  ipv =  v4  
[2019/03/28 16:32:05 216] transport  208  dns ip is v4  
[2019/03/28 16:32:05 216] transport  137  ip front is  59.107.24  
[2019/03/28 16:32:05 216] transport  261  expected ip  
[2019/03/28 16:32:05 216] network    95   iptoenv ,  ipcache  open.xf-yun.com  def  59.107.24.5  
[2019/03/28 16:32:05 216] transport  291  dns cb start conn  
[2019/03/28 16:32:05 216] transport  1304 [soc] connect   59.107.24.5  1028  
[2019/03/28 16:32:05 216] transport  1316 mspsoc.open,prot_type=  tcp  
[2019/03/28 16:32:05 217] network    350  connected  ns4  
[2019/03/28 16:32:05 217] network    353  send ok  268  ns4  
[2019/03/28 16:32:05 339] network    362  readable  ns4  
[2019/03/28 16:32:05 339] network    366  HTTP/1.1 200 OK
Via: 1.1 128.224.96.3 (McAfee Web Gateway 7.7.2.15.0.26328)
Date: Thu, 28 Mar 2019 08:32:05 GMT
Server: iflytek/hdns
Connection: Keep-Alive
Content-Type: application/json
Content-Length: 308

{"dns":[{"host":"open.xf-yun.com","sip":[{"svc":"asr","ips":[{"ip":"42.62.116.35","port":80,"idc":"dx"},{"ip":"42.62.116.19","port":80,"idc":"dx"}],"ttl":6000,"compel":0}]}],"default":[{"host":"open.xf-yun.com","sip":[{"svc":"asr","ips":[{"ip":"42.62.116.19","port":80,"idc":"dx"}],"ttl":6000,"compel":0}]}]}  
[2019/03/28 16:32:05 339] ns         253  name server http resp  0  
[2019/03/28 16:32:05 339] ns         266  ns response OK for this time!  
[2019/03/28 16:32:05 339] ns         277  from_server=  iflytek/hdns  
[2019/03/28 16:32:05 340] ns         360  compel :  0  
[2019/03/28 16:32:05 340] transport  1063 ns_ip =   42.62.116.35  
[2019/03/28 16:32:05 340] transport  1064 ip_type =  assigned_asropen.xf-yun.com_host  
[2019/03/28 16:32:05 340] ns         670  no data in ns_q  
[2019/03/28 16:32:05 340] ns         671  conti_ns,ns_inprog =   1  
[2019/03/28 16:32:10 033] legacyuup  333  SYS_MSG_UNLOAD  
